<?xml version="1.0" encoding="UTF-8"?>
<!-- Generated by org.testng.reporters.JUnitXMLReporter -->
<testsuite hostname="Sanas-Air" ignored="0" name="Default test" tests="3" failures="0" timestamp="2021-12-26T15:23:48 EST" time="88.443" errors="0">
  <testcase name="searchBarTestNavigationTest" time="39.079" classname="hw_15.ContinuationOfSeleniumMethods"/>
  <testcase name="clearTestFullScreenTestAndGetSizeTest" time="27.301" classname="hw_15.ContinuationOfSeleniumMethods"/>
  <testcase name="setSizeTest" time="7.902" classname="hw_15.ContinuationOfSeleniumMethods"/>
</testsuite> <!-- Default test -->
