<?xml version="1.0" encoding="UTF-8"?>
<!-- Generated by org.testng.reporters.JUnitXMLReporter -->
<testsuite hostname="Sanas-Air" ignored="0" name="Default test" tests="7" failures="0" timestamp="2022-01-05T16:23:58 EST" time="47.777" errors="0">
  <testcase name="maximize" time="1.825" classname="hw_16.Use_of_gecko_driver"/>
  <testcase name="byIndexTest" time="5.556" classname="hw_16.Use_of_gecko_driver"/>
  <testcase name="byValue" time="3.428" classname="hw_16.Use_of_gecko_driver"/>
  <testcase name="byVisibleText" time="3.286" classname="hw_16.Use_of_gecko_driver"/>
  <testcase name="moveToElement" time="9.726" classname="hw_16.Use_of_gecko_driver"/>
  <testcase name="acceptAlertMethod" time="11.288" classname="hw_16.Use_of_gecko_driver"/>
  <testcase name="dismissAlertMethod" time="4.302" classname="hw_16.Use_of_gecko_driver"/>
</testsuite> <!-- Default test -->
