<?xml version="1.0" encoding="UTF-8"?>
<testng-results skipped="0" failed="0" ignored="0" total="1" passed="1">
  <reporter-output>
  </reporter-output>
  <suite name="Default suite" duration-ms="32317" started-at="2021-12-26T17:16:18 EST" finished-at="2021-12-26T17:16:50 EST">
    <groups>
    </groups>
    <test name="Default test" duration-ms="32317" started-at="2021-12-26T17:16:18 EST" finished-at="2021-12-26T17:16:50 EST">
      <class name="hw_13.Methods_maximize_fullscreen_deleteAllCookies_get_sleep_click_quit">
        <test-method status="PASS" signature="setUp()[pri:0, instance:hw_13.Methods_maximize_fullscreen_deleteAllCookies_get_sleep_click_quit@28ac3dc3]" name="setUp" is-config="true" duration-ms="21656" started-at="2021-12-26T17:16:18 EST" finished-at="2021-12-26T17:16:40 EST">
          <reporter-output>
          </reporter-output>
        </test-method> <!-- setUp -->
        <test-method status="PASS" signature="bestSellersButtonTest()[pri:1, instance:hw_13.Methods_maximize_fullscreen_deleteAllCookies_get_sleep_click_quit@28ac3dc3]" name="bestSellersButtonTest" duration-ms="10224" started-at="2021-12-26T17:16:40 EST" finished-at="2021-12-26T17:16:50 EST">
          <reporter-output>
          </reporter-output>
        </test-method> <!-- bestSellersButtonTest -->
        <test-method status="PASS" signature="tearUp()[pri:0, instance:hw_13.Methods_maximize_fullscreen_deleteAllCookies_get_sleep_click_quit@28ac3dc3]" name="tearUp" is-config="true" duration-ms="378" started-at="2021-12-26T17:16:50 EST" finished-at="2021-12-26T17:16:50 EST">
          <reporter-output>
          </reporter-output>
        </test-method> <!-- tearUp -->
      </class> <!-- hw_13.Methods_maximize_fullscreen_deleteAllCookies_get_sleep_click_quit -->
    </test> <!-- Default test -->
  </suite> <!-- Default suite -->
</testng-results>
